Using pre-set license
Built from '2020.3/staging' branch; Version is '2020.3.25f1 (9b9180224418) revision 10195328'; Using compiler version '192528614'; Build Type 'Release'
OS: 'Windows 10  (10.0.19044) 64bit CoreSingleLanguage' Language: 'ru' Physical Memory: 8075 MB
BatchMode: 1, IsHumanControllingUs: 0, StartBugReporterOnCrash: 0, Is64bit: 1, IsPro: 0

COMMAND LINE ARGUMENTS:
C:\Program Files\Unity\Hub\Editor\2020.3.25f1\Editor\Unity.exe
-adb2
-batchMode
-noUpm
-name
AssetImportWorker11
-projectPath
C:/Users/bpatr/Documents/Unity Projects/Ex-Fun-Game_Alpha/U.Enter The Georgia
-logFile
Logs/AssetImportWorker11.log
-srvPort
52652
Successfully changed project path to: C:/Users/bpatr/Documents/Unity Projects/Ex-Fun-Game_Alpha/U.Enter The Georgia
C:/Users/bpatr/Documents/Unity Projects/Ex-Fun-Game_Alpha/U.Enter The Georgia
Using Asset Import Pipeline V2.
